<?xml version="1.0" encoding="UTF-8"?><testsuite name="nosetests" tests="6" errors="2" failures="1" skip="1"><testcase classname="test_xunit_as_suite.TestForXunit" name="test_error" time="0"><error type="exceptions.TypeError" message="oops, wrong type"><![CDATA[Traceback (most recent call last):
  File "/home/jpellerin/jython2.5.2rc1/Lib/unittest.py", line 260, in run
    testMethod()
  File "/tmp/nose_release_1.0.0/functional_tests/support/xunit/test_xunit_as_suite.py", line 15, in test_error
    raise TypeError("oops, wrong type")
TypeError: oops, wrong type
]]></error></testcase><testcase classname="test_xunit_as_suite.TestForXunit" name="test_fail" time="0"><failure type="exceptions.AssertionError" message="'this' != 'that'"><![CDATA[Traceback (most recent call last):
  File "/home/jpellerin/jython2.5.2rc1/Lib/unittest.py", line 260, in run
    testMethod()
  File "/tmp/nose_release_1.0.0/functional_tests/support/xunit/test_xunit_as_suite.py", line 12, in test_fail
    self.assertEqual("this","that")
  File "/home/jpellerin/jython2.5.2rc1/Lib/unittest.py", line 333, in failUnlessEqual
    raise self.failureException, \
AssertionError: 'this' != 'that'
]]></failure></testcase><testcase classname="test_xunit_as_suite.TestForXunit" name="test_non_ascii_error" time="0"><error type="exceptions.Exception" message="日本"><![CDATA[Traceback (most recent call last):
  File "/home/jpellerin/jython2.5.2rc1/Lib/unittest.py", line 260, in run
    testMethod()
  File "/tmp/nose_release_1.0.0/functional_tests/support/xunit/test_xunit_as_suite.py", line 18, in test_non_ascii_error
    raise Exception(u"日本")
Exception: <unprintable Exception object>
]]></error></testcase><testcase classname="test_xunit_as_suite.TestForXunit" name="test_output" time="0" /><testcase classname="test_xunit_as_suite.TestForXunit" name="test_skip" time="0"><skipped type="nose.plugins.skip.SkipTest" message="skipit"><![CDATA[Traceback (most recent call last):
  File "/home/jpellerin/jython2.5.2rc1/Lib/unittest.py", line 260, in run
    testMethod()
  File "/tmp/nose_release_1.0.0/functional_tests/support/xunit/test_xunit_as_suite.py", line 24, in test_skip
    raise SkipTest("skipit")
SkipTest: skipit
]]></skipped></testcase><testcase classname="test_xunit_as_suite.TestForXunit" name="test_success" time="0" /></testsuite>